<?xml version="1.0"?>
<soap:Envelope xmlns:soap="http://schemas.xmlsoap.org/soap/envelope/">
  <soap:Body>
    <XQuerySearch>
      <xquery>/</xquery>
    </XQuerySearch>
  </soap:Body>
</soap:Envelope>
