<?xml version="1.0"?>
<soap:Envelope xmlns:soap="http://schemas.xmlsoap.org/soap/envelope/">
  <soap:Body>
    <GetResource>
      <identifier>ivo://registry.test/cdms</identifier>
    </GetResource>
  </soap:Body>
</soap:Envelope>
